SF:/home/singgih/.Net/net6-example/src/Todo.Api/Program.cs
FN:8,System.Void Program::<Main>$(System.String[])
FNDA:0,System.Void Program::<Main>$(System.String[])
DA:9,0
DA:10,0
DA:33,0
DA:34,0
DA:35,0
DA:36,0
DA:39,0
DA:40,0
DA:44,0
DA:46,0
DA:47,0
DA:48,0
DA:49,0
DA:50,0
DA:52,0
DA:53,0
DA:54,0
BRDA:46,113,0,0
BRDA:46,113,1,0
FN:12,System.Void Program::<<Main>$>g__initOthers|0_0(Microsoft.AspNetCore.Builder.WebApplicationBuilder)
FNDA:0,System.Void Program::<<Main>$>g__initOthers|0_0(Microsoft.AspNetCore.Builder.WebApplicationBuilder)
DA:13,0
DA:14,0
FN:15,System.Void Program::<<Main>$>g__initRepositories|0_1(Microsoft.AspNetCore.Builder.WebApplicationBuilder,Program/<>c__DisplayClass0_0&)
FNDA:0,System.Void Program::<<Main>$>g__initRepositories|0_1(Microsoft.AspNetCore.Builder.WebApplicationBuilder,Program/<>c__DisplayClass0_0&)
DA:16,0
DA:17,0
DA:20,0
DA:21,0
DA:22,0
DA:23,0
DA:24,0
DA:25,0
DA:26,0
FN:27,System.Void Program::<<Main>$>g__initUsecase|0_2(Microsoft.AspNetCore.Builder.WebApplicationBuilder)
FNDA:0,System.Void Program::<<Main>$>g__initUsecase|0_2(Microsoft.AspNetCore.Builder.WebApplicationBuilder)
DA:28,0
DA:29,0
DA:30,0
LF:31
LH:0
BRF:2
BRH:0
FNF:4
FNH:0
end_of_record
SF:/home/singgih/.Net/net6-example/src/Todo.Api/helper/DbCommandExtensionMethods.cs
FN:6,System.Void Todo.Api.DbCommandExtensionMethods::AddParameter(System.Data.IDbCommand,System.String,System.Object)
FNDA:0,System.Void Todo.Api.DbCommandExtensionMethods::AddParameter(System.Data.IDbCommand,System.String,System.Object)
DA:7,0
DA:8,0
DA:9,0
DA:10,0
DA:11,0
DA:12,0
LF:6
LH:0
BRF:0
BRH:0
FNF:1
FNH:0
end_of_record
SF:/home/singgih/.Net/net6-example/src/Todo.Api/services/weather/usecase/weatherUsecase.cs
FN:13,System.ValueTuple`2<System.Exception,Todo.Api.models.weatherForecastModel/response> Todo.Api.services.weather.usecase.weatherUsecase::GetById(System.Int64)
FNDA:0,System.ValueTuple`2<System.Exception,Todo.Api.models.weatherForecastModel/response> Todo.Api.services.weather.usecase.weatherUsecase::GetById(System.Int64)
DA:14,0
DA:15,0
DA:17,0
DA:18,0
DA:19,0
DA:20,0
DA:21,0
DA:23,0
DA:24,0
DA:25,0
DA:28,0
DA:29,0
DA:30,0
DA:31,0
DA:32,0
DA:33,0
DA:35,0
DA:36,0
DA:37,0
DA:38,0
DA:40,0
BRDA:19,35,0,0
BRDA:19,35,1,0
BRDA:23,56,0,0
BRDA:23,56,1,0
FN:42,System.ValueTuple`2<System.Exception,System.Collections.Generic.IEnumerable`1<Todo.Api.models.weatherForecastModel/response>> Todo.Api.services.weather.usecase.weatherUsecase::GetAll()
FNDA:0,System.ValueTuple`2<System.Exception,System.Collections.Generic.IEnumerable`1<Todo.Api.models.weatherForecastModel/response>> Todo.Api.services.weather.usecase.weatherUsecase::GetAll()
DA:43,0
DA:44,0
DA:46,0
DA:47,0
DA:48,0
DA:49,0
DA:50,0
DA:52,0
DA:53,0
DA:54,0
DA:57,0
DA:58,0
DA:59,0
DA:60,0
DA:61,0
DA:62,0
DA:63,0
DA:64,0
DA:65,0
DA:66,0
DA:67,0
DA:68,0
DA:70,0
DA:71,0
DA:72,0
DA:73,0
DA:75,0
BRDA:48,34,0,0
BRDA:48,34,1,0
BRDA:52,57,0,0
BRDA:52,57,1,0
BRDA:58,184,1,0
BRDA:58,184,0,0
FN:8,System.Void Todo.Api.services.weather.usecase.weatherUsecase::.ctor(Todo.Api.models.weatherForecastModel/IWeatherForecastMysqlRepo)
FNDA:0,System.Void Todo.Api.services.weather.usecase.weatherUsecase::.ctor(Todo.Api.models.weatherForecastModel/IWeatherForecastMysqlRepo)
DA:9,0
DA:10,0
DA:11,0
DA:12,0
LF:52
LH:0
BRF:10
BRH:0
FNF:3
FNH:0
end_of_record
SF:/home/singgih/.Net/net6-example/src/Todo.Api/services/weather/repository/nosql/nosqlWeatherForecast.cs
FN:12,System.Collections.Generic.IEnumerable`1<Todo.Api.models.weatherForecastModel/dto> Todo.Api.services.weather.repository.nosql.nosqlWeatherForecast::GetData()
FNDA:0,System.Collections.Generic.IEnumerable`1<Todo.Api.models.weatherForecastModel/dto> Todo.Api.services.weather.repository.nosql.nosqlWeatherForecast::GetData()
DA:13,0
DA:14,0
DA:15,0
DA:16,0
DA:17,0
DA:18,0
DA:19,0
DA:20,0
FN:7,System.Void Todo.Api.services.weather.repository.nosql.nosqlWeatherForecast::.cctor()
FNDA:0,System.Void Todo.Api.services.weather.repository.nosql.nosqlWeatherForecast::.cctor()
DA:8,0
DA:9,0
DA:10,0
DA:11,0
LF:12
LH:0
BRF:0
BRH:0
FNF:2
FNH:0
end_of_record
SF:/home/singgih/.Net/net6-example/src/Todo.Api/services/weather/repository/mysql/mysqlWeatherForecast.cs
FN:15,System.Void Todo.Api.services.weather.repository.mysql.mysqlWeatherForecast::fetch(System.Collections.Generic.List`1<Todo.Api.models.weatherForecastModel/dto>,System.Data.IDbCommand)
FNDA:0,System.Void Todo.Api.services.weather.repository.mysql.mysqlWeatherForecast::fetch(System.Collections.Generic.List`1<Todo.Api.models.weatherForecastModel/dto>,System.Data.IDbCommand)
DA:16,0
DA:17,0
DA:18,0
DA:20,0
DA:21,0
DA:22,0
DA:23,0
DA:24,0
DA:25,0
DA:26,0
DA:27,0
DA:28,0
DA:29,0
DA:30,0
DA:31,0
BRDA:20,153,1,0
BRDA:20,153,0,0
FN:32,System.ValueTuple`2<System.Exception,System.Collections.Generic.IEnumerable`1<Todo.Api.models.weatherForecastModel/dto>> Todo.Api.services.weather.repository.mysql.mysqlWeatherForecast::GetAll()
FNDA:0,System.ValueTuple`2<System.Exception,System.Collections.Generic.IEnumerable`1<Todo.Api.models.weatherForecastModel/dto>> Todo.Api.services.weather.repository.mysql.mysqlWeatherForecast::GetAll()
DA:33,0
DA:34,0
DA:35,0
DA:37,0
DA:38,0
DA:39,0
DA:40,0
DA:42,0
DA:43,0
DA:44,0
DA:45,0
DA:46,0
DA:47,0
DA:48,0
DA:49,0
DA:50,0
DA:52,0
DA:53,0
DA:54,0
FN:56,System.ValueTuple`2<System.Exception,Todo.Api.models.weatherForecastModel/dto> Todo.Api.services.weather.repository.mysql.mysqlWeatherForecast::GetById(System.Int64)
FNDA:0,System.ValueTuple`2<System.Exception,Todo.Api.models.weatherForecastModel/dto> Todo.Api.services.weather.repository.mysql.mysqlWeatherForecast::GetById(System.Int64)
DA:57,0
DA:58,0
DA:59,0
DA:61,0
DA:62,0
DA:63,0
DA:64,0
DA:66,0
DA:67,0
DA:68,0
DA:69,0
DA:71,0
DA:72,0
DA:73,0
DA:74,0
DA:75,0
DA:76,0
DA:77,0
DA:79,0
DA:80,0
DA:81,0
DA:82,0
BRDA:79,136,0,0
BRDA:79,136,1,0
FN:84,System.Exception Todo.Api.services.weather.repository.mysql.mysqlWeatherForecast::Insert(System.Collections.Generic.IEnumerable`1<Todo.Api.models.weatherForecastModel/dto>)
FNDA:0,System.Exception Todo.Api.services.weather.repository.mysql.mysqlWeatherForecast::Insert(System.Collections.Generic.IEnumerable`1<Todo.Api.models.weatherForecastModel/dto>)
DA:85,0
DA:86,0
FN:89,System.Exception Todo.Api.services.weather.repository.mysql.mysqlWeatherForecast::Update(System.Collections.Generic.IEnumerable`1<Todo.Api.models.weatherForecastModel/dto>)
FNDA:0,System.Exception Todo.Api.services.weather.repository.mysql.mysqlWeatherForecast::Update(System.Collections.Generic.IEnumerable`1<Todo.Api.models.weatherForecastModel/dto>)
DA:90,0
DA:91,0
FN:94,System.Exception Todo.Api.services.weather.repository.mysql.mysqlWeatherForecast::Delete(System.Int64)
FNDA:0,System.Exception Todo.Api.services.weather.repository.mysql.mysqlWeatherForecast::Delete(System.Int64)
DA:95,0
DA:96,0
FN:10,System.Void Todo.Api.services.weather.repository.mysql.mysqlWeatherForecast::.ctor(System.Data.IDbConnection)
FNDA:0,System.Void Todo.Api.services.weather.repository.mysql.mysqlWeatherForecast::.ctor(System.Data.IDbConnection)
DA:11,0
DA:12,0
DA:13,0
DA:14,0
LF:66
LH:0
BRF:4
BRH:0
FNF:7
FNH:0
end_of_record
SF:/home/singgih/.Net/net6-example/src/Todo.Api/services/weather/repository/mysql/queries.cs
FN:3,System.Void Todo.Api.services.weather.repository.mysql.mysqlWeatherForecast::.cctor()
FNDA:0,System.Void Todo.Api.services.weather.repository.mysql.mysqlWeatherForecast::.cctor()
DA:4,0
DA:5,0
DA:6,0
DA:8,0
DA:9,0
LF:5
LH:0
BRF:0
BRH:0
FNF:1
FNH:0
end_of_record
SF:/home/singgih/.Net/net6-example/src/Todo.Api/models/httpResponseModel.cs
FN:6,System.Int32 Todo.Api.models.httpResponse/Root`1::get_code()
FNDA:5,System.Int32 Todo.Api.models.httpResponse/Root`1::get_code()
DA:7,5
FN:7,System.String Todo.Api.models.httpResponse/Root`1::get_message()
FNDA:5,System.String Todo.Api.models.httpResponse/Root`1::get_message()
DA:8,5
FN:8,System.Boolean Todo.Api.models.httpResponse/Root`1::get_error()
FNDA:5,System.Boolean Todo.Api.models.httpResponse/Root`1::get_error()
DA:9,5
FN:9,T Todo.Api.models.httpResponse/Root`1::get_data()
FNDA:5,T Todo.Api.models.httpResponse/Root`1::get_data()
DA:10,5
FN:10,System.String Todo.Api.models.httpResponse/Root`1::get_errors()
FNDA:5,System.String Todo.Api.models.httpResponse/Root`1::get_errors()
DA:11,5
FN:14,System.Collections.Generic.List`1<System.String> Todo.Api.models.httpResponse/DataColumnRow::get_columns()
FNDA:6,System.Collections.Generic.List`1<System.String> Todo.Api.models.httpResponse/DataColumnRow::get_columns()
DA:15,6
FN:15,System.Collections.Generic.List`1<System.Collections.Generic.List`1<System.Object>> Todo.Api.models.httpResponse/DataColumnRow::get_rows()
FNDA:6,System.Collections.Generic.List`1<System.Collections.Generic.List`1<System.Object>> Todo.Api.models.httpResponse/DataColumnRow::get_rows()
DA:16,6
FN:16,System.Void Todo.Api.models.httpResponse/DataColumnRow::.ctor()
FNDA:2,System.Void Todo.Api.models.httpResponse/DataColumnRow::.ctor()
DA:17,2
DA:18,2
DA:19,2
DA:20,2
DA:21,2
LF:12
LH:12
BRF:0
BRH:0
FNF:8
FNH:8
end_of_record
SF:/home/singgih/.Net/net6-example/src/Todo.Api/models/weatherForecastModel.cs
FN:24,System.Int64 Todo.Api.models.weatherForecastModel/dto::get_id()
FNDA:0,System.Int64 Todo.Api.models.weatherForecastModel/dto::get_id()
DA:25,0
FN:25,System.DateTime Todo.Api.models.weatherForecastModel/dto::get_Date()
FNDA:0,System.DateTime Todo.Api.models.weatherForecastModel/dto::get_Date()
DA:26,0
FN:27,System.Int32 Todo.Api.models.weatherForecastModel/dto::get_TemperatureC()
FNDA:0,System.Int32 Todo.Api.models.weatherForecastModel/dto::get_TemperatureC()
DA:28,0
FN:30,System.Int32 Todo.Api.models.weatherForecastModel/dto::get_TemperatureF()
FNDA:0,System.Int32 Todo.Api.models.weatherForecastModel/dto::get_TemperatureF()
DA:31,0
FN:32,System.String Todo.Api.models.weatherForecastModel/dto::get_Summary()
FNDA:0,System.String Todo.Api.models.weatherForecastModel/dto::get_Summary()
DA:33,0
FN:37,System.DateTime Todo.Api.models.weatherForecastModel/response::get_Date()
FNDA:6,System.DateTime Todo.Api.models.weatherForecastModel/response::get_Date()
DA:38,6
FN:39,System.Int32 Todo.Api.models.weatherForecastModel/response::get_TemperatureC()
FNDA:6,System.Int32 Todo.Api.models.weatherForecastModel/response::get_TemperatureC()
DA:40,6
FN:42,System.Int32 Todo.Api.models.weatherForecastModel/response::get_TemperatureF()
FNDA:6,System.Int32 Todo.Api.models.weatherForecastModel/response::get_TemperatureF()
DA:43,6
FN:44,System.String Todo.Api.models.weatherForecastModel/response::get_Summary()
FNDA:6,System.String Todo.Api.models.weatherForecastModel/response::get_Summary()
DA:45,6
LF:9
LH:4
BRF:0
BRH:0
FNF:9
FNH:4
end_of_record
SF:/home/singgih/.Net/net6-example/src/Todo.Api/helper/WebResponse.cs
FN:9,Todo.Api.models.httpResponse/Root`1<System.Object> Todo.Api.Helper.WebResponse::HttpResponse(System.Int32,System.String,System.Boolean,System.Object,System.Exception)
FNDA:0,Todo.Api.models.httpResponse/Root`1<System.Object> Todo.Api.Helper.WebResponse::HttpResponse(System.Int32,System.String,System.Boolean,System.Object,System.Exception)
DA:10,0
DA:15,0
DA:16,0
DA:17,0
DA:18,0
DA:19,0
DA:20,0
DA:21,0
DA:22,0
DA:23,0
DA:25,0
DA:26,0
DA:27,0
BRDA:20,46,0,0
BRDA:20,46,1,0
FN:28,Todo.Api.models.httpResponse/Root`1<T> Todo.Api.Helper.WebResponse::HttpResponseColumnRows(System.Int32,System.String,System.Boolean,System.Exception,T)
FNDA:2,Todo.Api.models.httpResponse/Root`1<T> Todo.Api.Helper.WebResponse::HttpResponseColumnRows(System.Int32,System.String,System.Boolean,System.Exception,T)
DA:29,2
DA:30,2
DA:31,2
DA:32,2
DA:33,2
DA:35,2
DA:37,2
DA:38,2
DA:39,2
DA:41,2
DA:42,1
DA:43,1
DA:44,1
DA:46,1
DA:47,1
DA:48,2
BRDA:41,67,0,1
BRDA:41,67,1,1
FN:49,System.Void Todo.Api.Helper.WebResponse::ConvertToColumnsAndRows(T,Todo.Api.models.httpResponse/DataColumnRow)
FNDA:2,System.Void Todo.Api.Helper.WebResponse::ConvertToColumnsAndRows(T,Todo.Api.models.httpResponse/DataColumnRow)
DA:50,2
DA:51,2
DA:54,2
DA:55,2
DA:57,2
DA:58,10
DA:59,2
DA:60,10
DA:61,2
DA:62,2
DA:63,20
DA:64,8
DA:65,8
DA:66,8
DA:67,2
DA:68,2
DA:69,2
DA:74,2
BRDA:54,32,0,2
BRDA:58,59,0,1
BRDA:58,59,1,2
BRDA:60,243,1,2
BRDA:63,219,1,8
BRDA:65,176,0,0
BRDA:65,176,1,8
BRDA:63,219,0,2
BRDA:60,243,0,2
BRDA:54,32,1,2
LF:47
LH:34
BRF:14
BRH:11
FNF:3
FNH:2
end_of_record
SF:/home/singgih/.Net/net6-example/src/Todo.Api/controllers/weatherForecastController.cs
FN:22,Microsoft.AspNetCore.Mvc.IActionResult Todo.Api.controllers.WeatherForecastController::Get()
FNDA:2,Microsoft.AspNetCore.Mvc.IActionResult Todo.Api.controllers.WeatherForecastController::Get()
DA:23,2
DA:25,2
DA:26,2
DA:27,1
DA:28,1
DA:29,1
DA:30,1
DA:31,1
DA:34,1
DA:35,0
DA:36,0
DA:37,0
DA:38,1
DA:39,1
DA:40,2
BRDA:26,24,0,1
BRDA:26,24,1,1
BRDA:34,86,0,0
BRDA:34,86,1,1
FN:42,Microsoft.AspNetCore.Mvc.IActionResult Todo.Api.controllers.WeatherForecastController::GetById(System.Int64)
FNDA:0,Microsoft.AspNetCore.Mvc.IActionResult Todo.Api.controllers.WeatherForecastController::GetById(System.Int64)
DA:43,0
DA:45,0
DA:46,0
DA:47,0
DA:48,0
DA:49,0
DA:50,0
DA:51,0
DA:53,0
DA:54,0
DA:55,0
BRDA:46,25,0,0
BRDA:46,25,1,0
FN:14,System.Void Todo.Api.controllers.WeatherForecastController::.ctor(Todo.Api.models.weatherForecastModel/IWeatherForecastUsecase)
FNDA:2,System.Void Todo.Api.controllers.WeatherForecastController::.ctor(Todo.Api.models.weatherForecastModel/IWeatherForecastUsecase)
DA:15,2
DA:16,2
DA:18,2
DA:19,2
LF:30
LH:16
BRF:6
BRH:3
FNF:3
FNH:2
end_of_record
SF:/home/singgih/.Net/net6-example/src/Todo.Api/configuration/databases.cs
FN:4,System.String Todo.Api.configuration.databases::get_MysqlConnstring()
FNDA:0,System.String Todo.Api.configuration.databases::get_MysqlConnstring()
DA:5,0
FN:7,System.Void Todo.Api.configuration.databases::.ctor(Microsoft.Extensions.Configuration.IConfiguration)
FNDA:0,System.Void Todo.Api.configuration.databases::.ctor(Microsoft.Extensions.Configuration.IConfiguration)
DA:8,0
DA:9,0
DA:10,0
DA:11,0
DA:12,0
LF:6
LH:0
BRF:0
BRH:0
FNF:2
FNH:0
end_of_record