SF:/home/singgih/.Net/net6-example/src/Todo.Api/Program.cs
FN:7,System.Void Program::<Main>$(System.String[])
FNDA:0,System.Void Program::<Main>$(System.String[])
DA:8,0
DA:9,0
DA:25,0
DA:26,0
DA:27,0
DA:28,0
DA:31,0
DA:32,0
DA:36,0
DA:38,0
DA:39,0
DA:40,0
DA:41,0
DA:42,0
DA:44,0
DA:45,0
DA:46,0
BRDA:38,117,0,0
BRDA:38,117,1,0
FN:11,System.Void Program::<<Main>$>g__initOthers|0_0(Microsoft.AspNetCore.Builder.WebApplicationBuilder)
FNDA:0,System.Void Program::<<Main>$>g__initOthers|0_0(Microsoft.AspNetCore.Builder.WebApplicationBuilder)
DA:12,0
DA:13,0
FN:19,System.Void Program::<<Main>$>g__initUsecase|0_2(Microsoft.AspNetCore.Builder.WebApplicationBuilder)
FNDA:0,System.Void Program::<<Main>$>g__initUsecase|0_2(Microsoft.AspNetCore.Builder.WebApplicationBuilder)
DA:20,0
DA:21,0
DA:22,0
FN:14,System.Void Program/<>c__DisplayClass0_0::<<Main>$>g__initRepositories|1(Microsoft.AspNetCore.Builder.WebApplicationBuilder)
FNDA:0,System.Void Program/<>c__DisplayClass0_0::<<Main>$>g__initRepositories|1(Microsoft.AspNetCore.Builder.WebApplicationBuilder)
DA:15,0
DA:16,0
DA:17,0
DA:18,0
LF:26
LH:0
BRF:2
BRH:0
FNF:4
FNH:0
end_of_record
SF:/home/singgih/.Net/net6-example/src/Todo.Api/services/weather/usecase/weatherUsecase.cs
FN:13,Todo.Api.models.weatherForecastModel/response Todo.Api.services.weather.usecase.weatherUsecase::GetById(System.Int64)
FNDA:0,Todo.Api.models.weatherForecastModel/response Todo.Api.services.weather.usecase.weatherUsecase::GetById(System.Int64)
DA:14,0
DA:17,0
DA:18,0
DA:19,0
DA:20,0
DA:21,0
DA:23,0
DA:24,0
DA:25,0
DA:26,0
DA:27,0
DA:28,0
DA:30,0
DA:31,0
DA:32,0
DA:33,0
DA:35,0
BRDA:19,21,0,0
BRDA:19,21,1,0
FN:37,System.Collections.Generic.IEnumerable`1<Todo.Api.models.weatherForecastModel/response> Todo.Api.services.weather.usecase.weatherUsecase::GetData()
FNDA:0,System.Collections.Generic.IEnumerable`1<Todo.Api.models.weatherForecastModel/response> Todo.Api.services.weather.usecase.weatherUsecase::GetData()
DA:38,0
DA:40,0
DA:42,0
DA:43,0
DA:44,0
DA:45,0
DA:46,0
DA:48,0
DA:49,0
DA:50,0
DA:51,0
DA:52,0
DA:53,0
DA:54,0
DA:55,0
DA:56,0
DA:57,0
DA:59,0
DA:60,0
DA:61,0
DA:62,0
DA:64,0
BRDA:44,26,0,0
BRDA:44,26,1,0
BRDA:48,141,1,0
BRDA:48,141,0,0
FN:8,System.Void Todo.Api.services.weather.usecase.weatherUsecase::.ctor(Todo.Api.models.weatherForecastModel/IWeatherForecastMysqlRepo)
FNDA:0,System.Void Todo.Api.services.weather.usecase.weatherUsecase::.ctor(Todo.Api.models.weatherForecastModel/IWeatherForecastMysqlRepo)
DA:9,0
DA:10,0
DA:11,0
DA:12,0
LF:43
LH:0
BRF:6
BRH:0
FNF:3
FNH:0
end_of_record
SF:/home/singgih/.Net/net6-example/src/Todo.Api/services/weather/repository/nosql/nosqlWeatherForecast.cs
FN:12,System.Collections.Generic.IEnumerable`1<Todo.Api.models.weatherForecastModel/dto> Todo.Api.services.weather.repository.nosql.nosqlWeatherForecast::GetData()
FNDA:0,System.Collections.Generic.IEnumerable`1<Todo.Api.models.weatherForecastModel/dto> Todo.Api.services.weather.repository.nosql.nosqlWeatherForecast::GetData()
DA:13,0
DA:14,0
DA:15,0
DA:16,0
DA:17,0
DA:18,0
DA:19,0
DA:20,0
FN:7,System.Void Todo.Api.services.weather.repository.nosql.nosqlWeatherForecast::.cctor()
FNDA:0,System.Void Todo.Api.services.weather.repository.nosql.nosqlWeatherForecast::.cctor()
DA:8,0
DA:9,0
DA:10,0
DA:11,0
LF:12
LH:0
BRF:0
BRH:0
FNF:2
FNH:0
end_of_record
SF:/home/singgih/.Net/net6-example/src/Todo.Api/services/weather/repository/mysql/mysqlWeatherForecast.cs
FN:16,System.Collections.Generic.IEnumerable`1<Todo.Api.models.weatherForecastModel/dto> Todo.Api.services.weather.repository.mysql.mysqlWeatherForecast::GetAll()
FNDA:0,System.Collections.Generic.IEnumerable`1<Todo.Api.models.weatherForecastModel/dto> Todo.Api.services.weather.repository.mysql.mysqlWeatherForecast::GetAll()
DA:17,0
DA:18,0
DA:20,0
DA:21,0
DA:22,0
DA:23,0
DA:24,0
DA:25,0
DA:26,0
DA:27,0
DA:28,0
DA:29,0
DA:30,0
DA:31,0
DA:32,0
DA:35,0
DA:36,0
FN:38,Todo.Api.models.weatherForecastModel/dto Todo.Api.services.weather.repository.mysql.mysqlWeatherForecast::GetById(System.Int64)
FNDA:0,Todo.Api.models.weatherForecastModel/dto Todo.Api.services.weather.repository.mysql.mysqlWeatherForecast::GetById(System.Int64)
DA:39,0
DA:40,0
DA:41,0
DA:42,0
DA:43,0
DA:44,0
DA:45,0
DA:46,0
DA:47,0
DA:48,0
DA:49,0
FN:51,System.Void Todo.Api.services.weather.repository.mysql.mysqlWeatherForecast::fetch(System.Collections.Generic.List`1<Todo.Api.models.weatherForecastModel/dto>,MySql.Data.MySqlClient.MySqlCommand)
FNDA:0,System.Void Todo.Api.services.weather.repository.mysql.mysqlWeatherForecast::fetch(System.Collections.Generic.List`1<Todo.Api.models.weatherForecastModel/dto>,MySql.Data.MySqlClient.MySqlCommand)
DA:52,0
DA:53,0
DA:54,0
DA:55,0
DA:56,0
DA:58,0
DA:59,0
DA:60,0
DA:61,0
DA:62,0
DA:63,0
DA:64,0
DA:66,0
DA:67,0
DA:68,0
DA:69,0
DA:70,0
BRDA:55,17,0,0
BRDA:58,102,1,0
BRDA:58,102,0,0
BRDA:55,17,1,0
FN:10,System.Void Todo.Api.services.weather.repository.mysql.mysqlWeatherForecast::.ctor(System.String)
FNDA:0,System.Void Todo.Api.services.weather.repository.mysql.mysqlWeatherForecast::.ctor(System.String)
DA:11,0
DA:12,0
DA:13,0
DA:14,0
LF:49
LH:0
BRF:4
BRH:0
FNF:4
FNH:0
end_of_record
SF:/home/singgih/.Net/net6-example/src/Todo.Api/services/weather/repository/mysql/queries.cs
FN:3,System.Void Todo.Api.services.weather.repository.mysql.mysqlWeatherForecast::.cctor()
FNDA:0,System.Void Todo.Api.services.weather.repository.mysql.mysqlWeatherForecast::.cctor()
DA:4,0
DA:5,0
DA:6,0
DA:8,0
DA:9,0
LF:5
LH:0
BRF:0
BRH:0
FNF:1
FNH:0
end_of_record
SF:/home/singgih/.Net/net6-example/src/Todo.Api/models/httpResponseModel.cs
FN:6,System.Int32 Todo.Api.models.httpResponse/Root`1::get_code()
FNDA:0,System.Int32 Todo.Api.models.httpResponse/Root`1::get_code()
DA:7,0
FN:7,System.String Todo.Api.models.httpResponse/Root`1::get_message()
FNDA:0,System.String Todo.Api.models.httpResponse/Root`1::get_message()
DA:8,0
FN:8,System.Boolean Todo.Api.models.httpResponse/Root`1::get_error()
FNDA:0,System.Boolean Todo.Api.models.httpResponse/Root`1::get_error()
DA:9,0
FN:9,T Todo.Api.models.httpResponse/Root`1::get_data()
FNDA:0,T Todo.Api.models.httpResponse/Root`1::get_data()
DA:10,0
FN:13,System.Collections.Generic.List`1<System.String> Todo.Api.models.httpResponse/DataColumnRow::get_columns()
FNDA:0,System.Collections.Generic.List`1<System.String> Todo.Api.models.httpResponse/DataColumnRow::get_columns()
DA:14,0
FN:14,System.Collections.Generic.List`1<System.Collections.Generic.List`1<System.Object>> Todo.Api.models.httpResponse/DataColumnRow::get_rows()
FNDA:0,System.Collections.Generic.List`1<System.Collections.Generic.List`1<System.Object>> Todo.Api.models.httpResponse/DataColumnRow::get_rows()
DA:15,0
FN:15,System.Void Todo.Api.models.httpResponse/DataColumnRow::.ctor()
FNDA:0,System.Void Todo.Api.models.httpResponse/DataColumnRow::.ctor()
DA:16,0
DA:17,0
DA:18,0
DA:19,0
DA:20,0
LF:11
LH:0
BRF:0
BRH:0
FNF:7
FNH:0
end_of_record
SF:/home/singgih/.Net/net6-example/src/Todo.Api/models/weatherForecastModel.cs
FN:21,System.Int64 Todo.Api.models.weatherForecastModel/dto::get_id()
FNDA:0,System.Int64 Todo.Api.models.weatherForecastModel/dto::get_id()
DA:22,0
FN:22,System.DateTime Todo.Api.models.weatherForecastModel/dto::get_Date()
FNDA:0,System.DateTime Todo.Api.models.weatherForecastModel/dto::get_Date()
DA:23,0
FN:24,System.Int32 Todo.Api.models.weatherForecastModel/dto::get_TemperatureC()
FNDA:0,System.Int32 Todo.Api.models.weatherForecastModel/dto::get_TemperatureC()
DA:25,0
FN:27,System.Int32 Todo.Api.models.weatherForecastModel/dto::get_TemperatureF()
FNDA:0,System.Int32 Todo.Api.models.weatherForecastModel/dto::get_TemperatureF()
DA:28,0
FN:29,System.String Todo.Api.models.weatherForecastModel/dto::get_Summary()
FNDA:0,System.String Todo.Api.models.weatherForecastModel/dto::get_Summary()
DA:30,0
FN:34,System.DateTime Todo.Api.models.weatherForecastModel/response::get_Date()
FNDA:0,System.DateTime Todo.Api.models.weatherForecastModel/response::get_Date()
DA:35,0
FN:36,System.Int32 Todo.Api.models.weatherForecastModel/response::get_TemperatureC()
FNDA:0,System.Int32 Todo.Api.models.weatherForecastModel/response::get_TemperatureC()
DA:37,0
FN:39,System.Int32 Todo.Api.models.weatherForecastModel/response::get_TemperatureF()
FNDA:0,System.Int32 Todo.Api.models.weatherForecastModel/response::get_TemperatureF()
DA:40,0
FN:41,System.String Todo.Api.models.weatherForecastModel/response::get_Summary()
FNDA:0,System.String Todo.Api.models.weatherForecastModel/response::get_Summary()
DA:42,0
LF:9
LH:0
BRF:0
BRH:0
FNF:9
FNH:0
end_of_record
SF:/home/singgih/.Net/net6-example/src/Todo.Api/helper/WebResponse.cs
FN:9,Todo.Api.models.httpResponse/Root`1<System.Object> Todo.Api.Helper.WebResponse::HttpResponse(System.Int32,System.String,System.Boolean,System.Object)
FNDA:0,Todo.Api.models.httpResponse/Root`1<System.Object> Todo.Api.Helper.WebResponse::HttpResponse(System.Int32,System.String,System.Boolean,System.Object)
DA:10,0
DA:11,0
DA:12,0
DA:13,0
DA:14,0
DA:15,0
DA:16,0
DA:17,0
FN:18,Todo.Api.models.httpResponse/Root`1<T> Todo.Api.Helper.WebResponse::HttpResponseColumnRows(System.Int32,System.String,System.Boolean,T)
FNDA:0,Todo.Api.models.httpResponse/Root`1<T> Todo.Api.Helper.WebResponse::HttpResponseColumnRows(System.Int32,System.String,System.Boolean,T)
DA:19,0
DA:20,0
DA:21,0
DA:22,0
DA:23,0
DA:25,0
DA:27,0
DA:28,0
DA:29,0
DA:30,0
DA:31,0
FN:32,System.Void Todo.Api.Helper.WebResponse::ConvertToColumnsAndRows(T,Todo.Api.models.httpResponse/DataColumnRow)
FNDA:0,System.Void Todo.Api.Helper.WebResponse::ConvertToColumnsAndRows(T,Todo.Api.models.httpResponse/DataColumnRow)
DA:33,0
DA:34,0
DA:37,0
DA:38,0
DA:40,0
DA:41,0
DA:42,0
DA:43,0
DA:44,0
DA:45,0
DA:46,0
DA:47,0
DA:48,0
DA:49,0
DA:50,0
DA:51,0
DA:52,0
DA:57,0
BRDA:37,32,0,0
BRDA:41,59,0,0
BRDA:41,59,1,0
BRDA:43,243,1,0
BRDA:46,219,1,0
BRDA:48,176,0,0
BRDA:48,176,1,0
BRDA:46,219,0,0
BRDA:43,243,0,0
BRDA:37,32,1,0
LF:37
LH:0
BRF:10
BRH:0
FNF:3
FNH:0
end_of_record
SF:/home/singgih/.Net/net6-example/src/Todo.Api/controllers/weatherForecastController.cs
FN:22,Microsoft.AspNetCore.Mvc.IActionResult Todo.Api.controllers.WeatherForecastController::Get()
FNDA:0,Microsoft.AspNetCore.Mvc.IActionResult Todo.Api.controllers.WeatherForecastController::Get()
DA:23,0
DA:26,0
DA:27,0
DA:28,0
DA:29,0
DA:30,0
DA:31,0
DA:32,0
DA:33,0
DA:35,0
DA:36,0
DA:37,0
DA:38,0
DA:40,0
DA:43,0
DA:44,0
BRDA:28,20,0,0
BRDA:28,20,1,0
FN:46,Microsoft.AspNetCore.Mvc.IActionResult Todo.Api.controllers.WeatherForecastController::GetById(System.Int64)
FNDA:0,Microsoft.AspNetCore.Mvc.IActionResult Todo.Api.controllers.WeatherForecastController::GetById(System.Int64)
DA:47,0
DA:50,0
DA:51,0
DA:52,0
DA:53,0
DA:54,0
DA:55,0
DA:56,0
DA:57,0
DA:59,0
DA:60,0
DA:61,0
DA:62,0
DA:64,0
DA:67,0
DA:68,0
BRDA:52,21,0,0
BRDA:52,21,1,0
FN:14,System.Void Todo.Api.controllers.WeatherForecastController::.ctor(Todo.Api.models.weatherForecastModel/IWeatherForecastUsecase)
FNDA:0,System.Void Todo.Api.controllers.WeatherForecastController::.ctor(Todo.Api.models.weatherForecastModel/IWeatherForecastUsecase)
DA:15,0
DA:16,0
DA:18,0
DA:19,0
LF:36
LH:0
BRF:4
BRH:0
FNF:3
FNH:0
end_of_record
SF:/home/singgih/.Net/net6-example/src/Todo.Api/configuration/databases.cs
FN:4,System.String Todo.Api.configuration.databases::get_MysqlConnstring()
FNDA:0,System.String Todo.Api.configuration.databases::get_MysqlConnstring()
DA:5,0
FN:7,System.Void Todo.Api.configuration.databases::.ctor(Microsoft.Extensions.Configuration.IConfiguration)
FNDA:0,System.Void Todo.Api.configuration.databases::.ctor(Microsoft.Extensions.Configuration.IConfiguration)
DA:8,0
DA:9,0
DA:10,0
DA:11,0
DA:12,0
LF:6
LH:0
BRF:0
BRH:0
FNF:2
FNH:0
end_of_record